<testsuite errors='0' failures='0' name='com.playfish.games.marlin.testing.performance.capture.TestPerformanceTestSet' tests='9' time='0' ><testcase name="whenSnapshotsRemoved_givenSnapshotsDoNotExist_falseIsReturned" time="15"/><testcase name="whenAllSnapshotsRemoved_givenSnapshotsDoExist_noSnapshotsAreMaintained" time="0"/><testcase name="whenSnapshotsRemoved_givenSnapshotsDoExist_trueIsReturned" time="0"/><testcase name="whenSnapshotsRemoved_givenSnapshotsDoExist_noSnapshotsAreMaintained" time="0"/><testcase name="whenSnapshotTaken_givenValues_valuesStoredAreCorrect" time="0"/><testcase name="whenTestSetQueried_givenSnapshotDoesExist_correctSnapshotsAreReturned" time="0"/><testcase name="whenTestSetCreated_giveName_nameIsCorrect" time="0"/><testcase name="whenSnapshotTaken_givenNoValues_valuesAreNotDefault" time="16"/><testcase name="whenTestSetQueried_givenSnapshotDoesNotExist_nullIsReturned" time="0"/></testsuite>