<testsuite errors='0' failures='0' name='com.playfish.games.marlin.testing.performance.capture.TestPerformanceRegistry' tests='21' time='0' ><testcase name="whenInstanceRequested_ifNotInitialised_singletonReturned" time="32"/><testcase name="whenCreated_givenNotMocked_anErrorIsThrown" time="0"/><testcase name="whenRepoRetrieved_givenRepoDoesExistAndHasBeenRetrieved_aNewOneIsNotCreated ([class Sprite])" time="15"/><testcase name="whenRepoRemoved_givenRepoDoesNotExist_falseIsReturned ([class Sprite])" time="31"/><testcase name="whenRegistryQueried_givenRepoDoesExist_trueIsReturned ([class Sprite])" time="0"/><testcase name="whenAllReposRemoved_givenRepoDoesExist_repoIsNoLongerContained ([class Sprite])" time="0"/><testcase name="whenRegistryQueried_givenRepoDoesNotExist_falseIsReturned ([class Sprite])" time="0"/><testcase name="whenRepoRetrieved_givenRepoDoesExist_aNewOneIsCreated ([class Sprite])" time="0"/><testcase name="whenRepoRemoved_givenRepoDoesExist_trueIsReturnedAndRepoIsNoLongerContained ([class Sprite])" time="0"/><testcase name="whenRegistryQueried_givenRepoDoesExist_trueIsReturned ([object Object])" time="0"/><testcase name="whenRepoRetrieved_givenRepoDoesExist_aNewOneIsCreated ([object Object])" time="0"/><testcase name="whenRepoRemoved_givenRepoDoesNotExist_falseIsReturned ([object Object])" time="0"/><testcase name="whenRepoRemoved_givenRepoDoesExist_trueIsReturnedAndRepoIsNoLongerContained ([object Object])" time="47"/><testcase name="whenAllReposRemoved_givenRepoDoesExist_repoIsNoLongerContained ([object Object])" time="0"/><testcase name="whenRepoRetrieved_givenRepoDoesExistAndHasBeenRetrieved_aNewOneIsNotCreated ([object Object])" time="0"/><testcase name="whenRegistryQueried_givenRepoDoesNotExist_falseIsReturned ([object Object])" time="0"/><testcase name="whenRegistryQueried_givenRepoDoesNotExist_falseIsReturned ()" time="47"/><testcase name="whenRegistryQueried_givenRepoDoesExist_trueIsReturned ()" time="0"/><testcase name="whenRepoRetrieved_givenRepoDoesExist_aNewOneIsCreated ()" time="0"/><testcase name="whenAllReposRemoved_givenRepoDoesExist_repoIsNoLongerContained ()" time="0"/><testcase name="whenRepoRemoved_givenRepoDoesNotExist_falseIsReturned ()" time="0"/></testsuite>