<testsuite errors='0' failures='0' name='com.playfish.games.marlin.testing.performance.capture.TestPerformanceRepository' tests='11' time='0' ><testcase name="whenNoTestSetsAdded_countIsZero" time="0"/><testcase name="whenTestSetRetrieved_givenSetDoesNotExist_setIsCreated" time="0"/><testcase name="whenTestAllSetsRemoved_givenSetDoesExist_setIsNoLongerContained" time="0"/><testcase name="whenRepositoryCreated_givenTarget_targetIsStored" time="0"/><testcase name="whenRepositoryQueried_givenSetDoesNotExist_queryReturnsFalse" time="0"/><testcase name="whenTestSetsAdded_countIsAccurate" time="0"/><testcase name="whenTestSetRetrieved_givenSetDoesExist_setIsNotCreated" time="0"/><testcase name="whenTestSetsRemoved_countIsAccurate" time="0"/><testcase name="whenRepositoryQueried_givenSetDoesExist_queryReturnsTrue" time="0"/><testcase name="whenTestSetRemoved_givenSetDoesNotExist_returnsFalse" time="0"/><testcase name="whenTestSetRemoved_givenSetDoesExist_returnsTrue" time="0"/></testsuite>